<?xml version="1.0" encoding="UTF-8"?>
<testng-results total="1" passed="0" failed="1" skipped="0">
  <reporter-output>
  </reporter-output>
  <suite started-at="2022-08-29T10:36:08Z" name="Default suite" finished-at="2022-08-29T10:36:49Z" duration-ms="41414">
    <groups>
    </groups>
    <test started-at="2022-08-29T10:36:08Z" name="Default test" finished-at="2022-08-29T10:36:49Z" duration-ms="41414">
      <class name="com.chandan.assignment.home.TC001_MovieInfoValidation">
        <test-method is-config="true" signature="beforeTest()[pri:0, instance:com.chandan.assignment.home.TC001_MovieInfoValidation@38604b81]" started-at="2022-08-29T16:06:08Z" name="beforeTest" finished-at="2022-08-29T16:06:18Z" duration-ms="9796" status="PASS">
          <reporter-output>
          </reporter-output>
        </test-method> <!-- beforeTest -->
        <test-method is-config="true" signature="startReort(java.lang.reflect.Method)[pri:0, instance:com.chandan.assignment.home.TC001_MovieInfoValidation@38604b81]" started-at="2022-08-29T16:06:18Z" name="startReort" finished-at="2022-08-29T16:06:18Z" duration-ms="33" status="PASS">
          <params>
            <param index="0">
              <value>
                <![CDATA[public void com.chandan.assignment.home.TC001_MovieInfoValidation.wikipMovieInfo()]]>
              </value>
            </param>
          </params>
          <reporter-output>
          </reporter-output>
        </test-method> <!-- startReort -->
        <test-method signature="wikipMovieInfo()[pri:0, instance:com.chandan.assignment.home.TC001_MovieInfoValidation@38604b81]" started-at="2022-08-29T16:06:18Z" name="wikipMovieInfo" finished-at="2022-08-29T16:06:46Z" duration-ms="27835" status="FAIL">
          <exception class="java.lang.AssertionError">
            <message>
              <![CDATA[expected [January 7, 2022 (United States)] but found [17 December 2021]]]>
            </message>
            <full-stacktrace>
              <![CDATA[java.lang.AssertionError: expected [January 7, 2022 (United States)] but found [17 December 2021]
	at org.testng.Assert.fail(Assert.java:94)
	at org.testng.Assert.failNotEquals(Assert.java:494)
	at org.testng.Assert.assertEquals(Assert.java:123)
	at org.testng.Assert.assertEquals(Assert.java:176)
	at org.testng.Assert.assertEquals(Assert.java:186)
	at com.chandan.assignment.home.TC001_MovieInfoValidation.wikipMovieInfo(TC001_MovieInfoValidation.java:33)
	at java.base/jdk.internal.reflect.NativeMethodAccessorImpl.invoke0(Native Method)
	at java.base/jdk.internal.reflect.NativeMethodAccessorImpl.invoke(NativeMethodAccessorImpl.java:62)
	at java.base/jdk.internal.reflect.DelegatingMethodAccessorImpl.invoke(DelegatingMethodAccessorImpl.java:43)
	at java.base/java.lang.reflect.Method.invoke(Method.java:564)
	at org.testng.internal.MethodInvocationHelper.invokeMethod(MethodInvocationHelper.java:84)
	at org.testng.internal.Invoker.invokeMethod(Invoker.java:714)
	at org.testng.internal.Invoker.invokeTestMethod(Invoker.java:901)
	at org.testng.internal.Invoker.invokeTestMethods(Invoker.java:1231)
	at org.testng.internal.TestMethodWorker.invokeTestMethods(TestMethodWorker.java:127)
	at org.testng.internal.TestMethodWorker.run(TestMethodWorker.java:111)
	at org.testng.TestRunner.privateRun(TestRunner.java:767)
	at org.testng.TestRunner.run(TestRunner.java:617)
	at org.testng.SuiteRunner.runTest(SuiteRunner.java:348)
	at org.testng.SuiteRunner.runSequentially(SuiteRunner.java:343)
	at org.testng.SuiteRunner.privateRun(SuiteRunner.java:305)
	at org.testng.SuiteRunner.run(SuiteRunner.java:254)
	at org.testng.SuiteRunnerWorker.runSuite(SuiteRunnerWorker.java:52)
	at org.testng.SuiteRunnerWorker.run(SuiteRunnerWorker.java:86)
	at org.testng.TestNG.runSuitesSequentially(TestNG.java:1224)
	at org.testng.TestNG.runSuitesLocally(TestNG.java:1149)
	at org.testng.TestNG.run(TestNG.java:1057)
	at org.testng.remote.AbstractRemoteTestNG.run(AbstractRemoteTestNG.java:115)
	at org.testng.remote.RemoteTestNG.initAndRun(RemoteTestNG.java:251)
	at org.testng.remote.RemoteTestNG.main(RemoteTestNG.java:77)
]]>
            </full-stacktrace>
          </exception> <!-- java.lang.AssertionError -->
          <reporter-output>
          </reporter-output>
        </test-method> <!-- wikipMovieInfo -->
        <test-method is-config="true" signature="endReport(org.testng.ITestResult)[pri:0, instance:com.chandan.assignment.home.TC001_MovieInfoValidation@38604b81]" started-at="2022-08-29T16:06:46Z" name="endReport" finished-at="2022-08-29T16:06:46Z" duration-ms="1" status="PASS">
          <params>
            <param index="0">
              <value>
                <![CDATA[[TestResult name=wikipMovieInfo status=FAILURE method=TC001_MovieInfoValidation.wikipMovieInfo()[pri:0, instance:com.chandan.assignment.home.TC001_MovieInfoValidation@38604b81] output={null}]]]>
              </value>
            </param>
          </params>
          <reporter-output>
          </reporter-output>
        </test-method> <!-- endReport -->
        <test-method is-config="true" signature="endTest()[pri:0, instance:com.chandan.assignment.home.TC001_MovieInfoValidation@38604b81]" started-at="2022-08-29T16:06:46Z" name="endTest" finished-at="2022-08-29T16:06:49Z" duration-ms="3685" status="PASS">
          <reporter-output>
          </reporter-output>
        </test-method> <!-- endTest -->
      </class> <!-- com.chandan.assignment.home.TC001_MovieInfoValidation -->
    </test> <!-- Default test -->
  </suite> <!-- Default suite -->
</testng-results>
